999 reads; of these:
  999 (100.00%) were unpaired; of these:
    37 (3.70%) aligned 0 times
    859 (85.99%) aligned exactly 1 time
    103 (10.31%) aligned >1 times
96.30% overall alignment rate
1000 reads; of these:
  1000 (100.00%) were unpaired; of these:
    46 (4.60%) aligned 0 times
    875 (87.50%) aligned exactly 1 time
    79 (7.90%) aligned >1 times
95.40% overall alignment rate
1000 reads; of these:
  1000 (100.00%) were unpaired; of these:
    54 (5.40%) aligned 0 times
    848 (84.80%) aligned exactly 1 time
    98 (9.80%) aligned >1 times
94.60% overall alignment rate
999 reads; of these:
  999 (100.00%) were unpaired; of these:
    39 (3.90%) aligned 0 times
    870 (87.09%) aligned exactly 1 time
    90 (9.01%) aligned >1 times
96.10% overall alignment rate
1000 reads; of these:
  1000 (100.00%) were unpaired; of these:
    44 (4.40%) aligned 0 times
    910 (91.00%) aligned exactly 1 time
    46 (4.60%) aligned >1 times
95.60% overall alignment rate
1000 reads; of these:
  1000 (100.00%) were unpaired; of these:
    42 (4.20%) aligned 0 times
    912 (91.20%) aligned exactly 1 time
    46 (4.60%) aligned >1 times
95.80% overall alignment rate
1000 reads; of these:
  1000 (100.00%) were unpaired; of these:
    20 (2.00%) aligned 0 times
    902 (90.20%) aligned exactly 1 time
    78 (7.80%) aligned >1 times
98.00% overall alignment rate
1000 reads; of these:
  1000 (100.00%) were unpaired; of these:
    22 (2.20%) aligned 0 times
    886 (88.60%) aligned exactly 1 time
    92 (9.20%) aligned >1 times
97.80% overall alignment rate
1000 reads; of these:
  1000 (100.00%) were unpaired; of these:
    21 (2.10%) aligned 0 times
    905 (90.50%) aligned exactly 1 time
    74 (7.40%) aligned >1 times
97.90% overall alignment rate
1000 reads; of these:
  1000 (100.00%) were unpaired; of these:
    24 (2.40%) aligned 0 times
    893 (89.30%) aligned exactly 1 time
    83 (8.30%) aligned >1 times
97.60% overall alignment rate
1000 reads; of these:
  1000 (100.00%) were unpaired; of these:
    33 (3.30%) aligned 0 times
    906 (90.60%) aligned exactly 1 time
    61 (6.10%) aligned >1 times
96.70% overall alignment rate
999 reads; of these:
  999 (100.00%) were unpaired; of these:
    34 (3.40%) aligned 0 times
    895 (89.59%) aligned exactly 1 time
    70 (7.01%) aligned >1 times
96.60% overall alignment rate
